<?xml version="1.0" encoding="UTF-8"?>
<!-- Generated by org.testng.reporters.JUnitXMLReporter -->
<testsuite hostname="INLF6DLLH2" name="Default test" tests="5" failures="2" timestamp="7 Aug 2019 07:44:55 GMT" time="120.835" errors="0">
  <testcase name="validateCreateNewContact" time="4.45" classname="com.crm.qa.testcases.ContactsPageTest"/>
  <testcase name="verifyContactsPageLabel" time="0.099" classname="com.crm.qa.testcases.ContactsPageTest"/>
  <testcase name="validateCreateNewContacts" time="3.076" classname="com.crm.qa.testcases.ContactsPageTest">
    <failure type="java.lang.NullPointerException">
      <![CDATA[java.lang.NullPointerException
	at org.openqa.selenium.support.ui.Quotes.escape(Quotes.java:42)
	at org.openqa.selenium.support.ui.Select.selectByVisibleText(Select.java:113)
	at com.crm.qa.pages.ContactsPage.createNewContact(ContactsPage.java:40)
	at com.crm.qa.testcases.ContactsPageTest.validateCreateNewContacts(ContactsPageTest.java:59)
... Removed 24 stack frames]]>
    </failure>
  </testcase> <!-- validateCreateNewContacts -->
  <testcase name="validateCreateNewContacts" time="2.984" classname="com.crm.qa.testcases.ContactsPageTest">
    <failure type="java.lang.NullPointerException">
      <![CDATA[java.lang.NullPointerException
	at org.openqa.selenium.support.ui.Quotes.escape(Quotes.java:42)
	at org.openqa.selenium.support.ui.Select.selectByVisibleText(Select.java:113)
	at com.crm.qa.pages.ContactsPage.createNewContact(ContactsPage.java:40)
	at com.crm.qa.testcases.ContactsPageTest.validateCreateNewContacts(ContactsPageTest.java:59)
... Removed 24 stack frames]]>
    </failure>
  </testcase> <!-- validateCreateNewContacts -->
  <testcase name="validateCreateNewContacts" time="4.473" classname="com.crm.qa.testcases.ContactsPageTest"/>
</testsuite> <!-- Default test -->
